1/21/2007 9:59:25 AM <Public> Murdoc: bushido sucks
1/21/2007 1:30:04 PM <Public> Artigiano Artisa: hi
1/21/2007 1:30:40 PM <Public> Artigiano Artisa: can you read this?
1/21/2007 1:31:43 PM <IRC> Artigiano Artisa: hi
1/21/2007 1:32:02 PM <IRC> Artigiano Artisa: woo!
1/21/2007 1:32:54 PM <IRC> Artigiano Artisa: oh wait... omg... you're not in game?
1/21/2007 1:33:15 PM <IRC> Artigiano Artisa: lol. there is a cmd [i
1/21/2007 1:34:38 PM <IRC> Artigiano Artisa: yep, I'm on the 2.0 test server. I'm talking to you like in game talk
1/21/2007 1:35:21 PM <IRC> Artigiano Artisa: yes, like any other cmd
1/21/2007 1:36:32 PM <IRC> Artigiano Artisa: hehe, yep
1/21/2007 1:37:12 PM <IRC> Artigiano Artisa: hi spiff
1/21/2007 1:38:01 PM <IRC> Artigiano Artisa: so when Bell said "hi everyone" a few minutes ago, I origianlly thought Bell was talking to me on
1/21/2007 1:38:33 PM <IRC> Artigiano Artisa: interesting
1/21/2007 1:39:17 PM <IRC> Artigiano Artisa: it's different than the one on the live server
1/21/2007 1:40:45 PM <IRC> Artigiano Artisa: [pm
1/21/2007 1:41:58 PM <IRC> Artigiano Artisa: not for me
1/21/2007 2:25:49 PM <IRC> Artigiano Artisa: crash?
1/21/2007 2:27:02 PM <IRC> Artigiano Artisa: i froze up for a bit, but it's ok now
1/21/2007 2:32:13 PM <IRC> Artigiano Artisa: howdy howdy howdy
1/21/2007 2:56:37 PM <IRC> Artigiano Artisa: hullo
1/21/2007 2:57:08 PM <IRC> Artigiano Artisa: :(
1/21/2007 2:58:01 PM <IRC> Artigiano Artisa: patched?
1/21/2007 2:58:45 PM <IRC> Artigiano Artisa: 5.0.7.1 patch 53 here
1/21/2007 3:54:59 PM <Public> BlondGuy: greydon!
1/21/2007 3:55:05 PM <Public> Artigiano Artisa: HI!
1/21/2007 3:55:28 PM <Public> Artigiano Artisa: who is this?
1/21/2007 3:55:53 PM <Public> BlondGuy: to crash the server
1/21/2007 3:56:53 PM <Public> BlondGuy: there is no point to be a crafter in a test server!
1/21/2007 3:57:10 PM <Public> Artigiano Artisa: unless you want to test crafting
1/21/2007 3:57:22 PM <Public> Artigiano Artisa: actually, i'm checking out the house design stuff
1/21/2007 3:58:07 PM <Public> Artigiano Artisa: new materials
1/21/2007 3:58:29 PM <Public> BlondGuy: like what
1/21/2007 3:59:01 PM <Public> BlondGuy: why you want to know??
1/21/2007 3:59:45 PM <Public> BlondGuy: crystall walls!
