1/20/2007 10:06:11 AM <IRC> Stormwolf: want to make it 2 weeks?
1/20/2007 10:09:24 AM <IRC> Stormwolf: nah not saying anything is even worse
1/20/2007 10:11:31 AM <IRC> Stormwolf: I said you could report others
1/20/2007 10:14:17 AM <IRC> Stormwolf: keep it up
1/20/2007 12:14:13 PM <Public> Murderer: a
1/20/2007 12:14:29 PM <Public> Murderer: i ate khemri
1/20/2007 12:14:50 PM <Public> Khemri: whos dat clown?
1/20/2007 12:16:05 PM <Public> Khemri: omg wanna duel_`???+
1/20/2007 12:56:22 PM <Public> Murderer: khemriiiiiiii
1/20/2007 12:59:47 PM <Public> Khemri: WHATS UP!?!?!?
1/20/2007 1:00:03 PM <Public> Khemri: u die marcelo
1/20/2007 1:00:08 PM <Public> Khemri: lets duel
1/20/2007 1:00:39 PM <Public> Murderer: why duel here?
1/20/2007 1:00:55 PM <Public> Khemri: :D and wre both banned from real aedilis
1/20/2007 1:01:26 PM <Public> Murderer: all the necros should be banned!
1/20/2007 1:01:36 PM <Public> Khemri: im not even a necro :D:D:D
1/20/2007 1:01:41 PM <Public> Khemri: No necromancy :D:D:D:D:d
1/20/2007 1:02:11 PM <Public> Khemri: man i love val armor
1/20/2007 1:02:25 PM <Public> Khemri: i wish aedilis didnt have Custom ores
1/20/2007 1:02:49 PM <Public> Murderer: no difference for me
1/20/2007 1:03:02 PM <Public> Khemri: i used 90 charges of Valorite runic to Valorite Ingots and im lke 80% LRC and 9 mana regen
1/20/2007 1:03:29 PM <Public> Murderer: easy to do
1/20/2007 1:03:37 PM <Public> Khemri: if u got the qguipment :D
1/20/2007 1:03:55 PM <Public> Khemri: Dont go to iishenar
1/20/2007 1:04:03 PM <Public> Murderer: i know
1/20/2007 1:07:13 PM <Public> Murderer: die
1/20/2007 1:07:19 PM <Public> Khemri: Come on and kill me
1/20/2007 1:07:33 PM <Public> Murderer: we can just set skills..
1/20/2007 1:07:38 PM <Public> Khemri: So?
1/20/2007 1:07:56 PM <Public> Khemri: :D
1/20/2007 1:08:12 PM <Public> Khemri: i need FC o.O
1/20/2007 1:08:48 PM <Public> Khemri: ScareD?
1/20/2007 1:09:17 PM <Public> Murderer: why we get this purple messages??
1/20/2007 1:09:23 PM <Public> Khemri: Its Aedilis IRC
1/20/2007 1:09:37 PM <Public> Murderer: they can read us?
1/20/2007 1:09:48 PM <Public> Khemri: we can read them
1/20/2007 1:10:03 PM <Public> Murderer: this is stupid
1/20/2007 1:10:13 PM <Public> Khemri: u are, due me
1/20/2007 1:10:31 PM <Public> Blue LongFeather: hi khemri :p
1/20/2007 1:10:36 PM <Public> Khemri: WAZZAAAPP
1/20/2007 1:10:45 PM <Public> Murderer: ur name sucks
1/20/2007 1:10:52 PM <Public> Khemri: Long Fathe?
1/20/2007 1:11:11 PM <Public> Blue LongFeather: yes?
1/20/2007 1:11:44 PM <Public> Blue LongFeather: arg babies going upstairs :/
1/20/2007 1:12:02 PM <Public> Murderer: when you will have a son khemri?
1/20/2007 1:12:10 PM <Public> Khemri: when im 20? or more? im 14
1/20/2007 1:12:24 PM <Public> Khemri: lol aint getting kids yet :D
1/20/2007 1:13:25 PM <Public> Murderer: this shard will trammel will suck a lot
1/20/2007 1:13:31 PM <Public> Khemri: omg trammie
1/20/2007 1:13:52 PM <Public> Murderer: will be the end of aedilis!
1/20/2007 1:14:35 PM <Public> Murderer: go to hell hephona
1/20/2007 1:16:23 PM <Public> Khemri: guy called tera is a frigging newbie to uo cant even walk :D:D:DD
1/20/2007 1:16:43 PM <Public> Khemri: brit graveyard hes a newb
1/20/2007 5:42:44 PM <Public> Taylor Swift: what
1/20/2007 5:43:14 PM <Public> Taylor Swift: oh no not you too
1/20/2007 6:45:10 PM <Public> Taylor Swift: a Pig?
